[     253ms] [LOG] Angular is running in development mode. @ http://localhost:4200/@fs/C:/Users/User/Documents/Projetos/controleApontamento/.angular/cache/21.0.2/controleApontamento/vite/deps/chunk-XMEJZGRA.js?v=2758f7e4:10710
[     268ms] [INFO] %c[28/05/2026, 08:32:31] %c[ApiSessionService]:            %c Componente inicializado color: #888888; color: oklch(0.7 0.2 260); font-weight: bold; color: #000;  @ http://localhost:4200/chunk-4K6O2RJ4.js:144
[     269ms] [INFO] %c[28/05/2026, 08:32:31] %c[CookiesService]:               %c Componente inicializado color: #888888; color: oklch(0.7 0.2 260); font-weight: bold; color: #000;  @ http://localhost:4200/chunk-4K6O2RJ4.js:144
[     269ms] [INFO] %c[28/05/2026, 08:32:32] %c[CryptoService]:                %c Componente inicializado color: #888888; color: oklch(0.7 0.2 260); font-weight: bold; color: #000;  @ http://localhost:4200/chunk-4K6O2RJ4.js:144
[     270ms] [INFO] %c[28/05/2026, 08:32:32] %c[AuthService]:                  %c Componente inicializado color: #888888; color: oklch(0.7 0.2 260); font-weight: bold; color: #000;  @ http://localhost:4200/chunk-4K6O2RJ4.js:144
[     270ms] [INFO] %c[28/05/2026, 08:32:32] %c[LoginComponent]:               %c Componente inicializado color: #888888; color: oklch(0.7 0.2 260); font-weight: bold; color: #000;  @ http://localhost:4200/chunk-4K6O2RJ4.js:144
[     278ms] [INFO] %c[28/05/2026, 08:32:32] %c[AuthService]:                  %c Realizando tentativa de login color: #888888; color: oklch(0.7 0.2 260); font-weight: bold; color: #000;  @ http://localhost:4200/chunk-4K6O2RJ4.js:144
[     279ms] [INFO] %c[28/05/2026, 08:32:32] %c[AuthService]:                  %c Verificando cookies para login automático color: #888888; color: oklch(0.7 0.2 260); font-weight: bold; color: #000;  @ http://localhost:4200/chunk-4K6O2RJ4.js:144
[     280ms] [INFO] %c[28/05/2026, 08:32:32] %c[AuthService]:                  %c Cookies de sessão não encontrados color: #888888; color: oklch(0.7 0.2 260); font-weight: bold; color: #000;  @ http://localhost:4200/chunk-4K6O2RJ4.js:144
[     307ms] [VERBOSE] [DOM] Input elements should have autocomplete attributes (suggested: "new-password"): (More info: https://goo.gl/9p2vKq) %o @ http://localhost:4200/login:0
[     318ms] [ERROR] Failed to load resource: the server responded with a status of 404 (Not Found) @ http://localhost:4200/favicon.ico:0
[    7752ms] [INFO] %c[28/05/2026, 08:32:39] %c[AuthService]:                  %c Realizando tentativa de login color: #888888; color: oklch(0.7 0.2 260); font-weight: bold; color: #000;  @ http://localhost:4200/chunk-4K6O2RJ4.js:144
[    7862ms] [ERROR] Failed to load resource: the server responded with a status of 404 (Not Found) @ http://localhost:4200/api/auth/login:0
[    7863ms] [LOG] %c[28/05/2026, 08:32:39] %c[AuthService]:                  %c Erro ao realizar login via API color: #888888; color: oklch(0.7 0.2 30); font-weight: bold; color: #000; HttpErrorResponse @ http://localhost:4200/chunk-4K6O2RJ4.js:154
[    7969ms] [VERBOSE] [DOM] Input elements should have autocomplete attributes (suggested: "new-password"): (More info: https://goo.gl/9p2vKq) %o @ http://localhost:4200/login:0
[   11592ms] [INFO] %c[28/05/2026, 08:32:43] %c[AuthService]:                  %c Realizando tentativa de login color: #888888; color: oklch(0.7 0.2 260); font-weight: bold; color: #000;  @ http://localhost:4200/chunk-4K6O2RJ4.js:144
[   11683ms] [ERROR] Failed to load resource: the server responded with a status of 404 (Not Found) @ http://localhost:4200/api/auth/login:0
[   11683ms] [LOG] %c[28/05/2026, 08:32:43] %c[AuthService]:                  %c Erro ao realizar login via API color: #888888; color: oklch(0.7 0.2 30); font-weight: bold; color: #000; HttpErrorResponse @ http://localhost:4200/chunk-4K6O2RJ4.js:154
[   11795ms] [VERBOSE] [DOM] Input elements should have autocomplete attributes (suggested: "new-password"): (More info: https://goo.gl/9p2vKq) %o @ http://localhost:4200/login:0
[   36873ms] [INFO] %c[28/05/2026, 08:33:08] %c[AuthService]:                  %c Realizando tentativa de login color: #888888; color: oklch(0.7 0.2 260); font-weight: bold; color: #000;  @ http://localhost:4200/chunk-4K6O2RJ4.js:144
[   36959ms] [ERROR] Failed to load resource: the server responded with a status of 404 (Not Found) @ http://localhost:4200/api/auth/login:0
[   36960ms] [LOG] %c[28/05/2026, 08:33:08] %c[AuthService]:                  %c Erro ao realizar login via API color: #888888; color: oklch(0.7 0.2 30); font-weight: bold; color: #000; HttpErrorResponse @ http://localhost:4200/chunk-4K6O2RJ4.js:154
[   37069ms] [VERBOSE] [DOM] Input elements should have autocomplete attributes (suggested: "new-password"): (More info: https://goo.gl/9p2vKq) %o @ http://localhost:4200/login:0
